                              Heist to the Museum - Description of the internal state

MstT    Thief 1      Thief 2      Thief 3      Thief 4      Thief 5      Thief 6
Stat   Stat S MD    Stat S MD    Stat S MD    Stat S MD    Stat S MD    Stat S MD
                    Assault party 1                       Assault party 2                       Museum
            Elem 1     Elem 2     Elem 3          Elem 1     Elem 2     Elem 3   Room 1  Room 2  Room 3  Room 4  Room 5
     RId  Id Pos Cv  Id Pos Cv  Id Pos Cv  RId  Id Pos Cv  Id Pos Cv  Id Pos Cv   NP DT   NP DT   NP DT   NP DT   NP DT
   0      0 W  0       0 W  0       0 W  0       0 W  0       0 W  0       0 W  0
      0    0   0  0   0   0  0   0   0  0   0   0    0  0   0   0  0   0   0  0   14 23    0  0    0  0    0  0    0  0
   0      0 W  0       0 W  0       0 W  0       0 W  0       0 W  0       0 W  0
      0    0   0  0   0   0  0   0   0  0   0   0    0  0   0   0  0   0   0  0   14 23   13 22    0  0    0  0    0  0
   0      0 W  0       0 W  0       0 W  0       0 W  0       0 W  0       0 W  0
      0    0   0  0   0   0  0   0   0  0   0   0    0  0   0   0  0   0   0  0   14 23   13 22   11 23    0  0    0  0
   0      0 W  0       0 W  0       0 W  0       0 W  0       0 W  0       0 W  0
      0    0   0  0   0   0  0   0   0  0   0   0    0  0   0   0  0   0   0  0   14 23   13 22   11 23   14 28    0  0
   0      0 W  0       0 W  0       0 W  0       0 W  0       0 W  0       0 W  0
      0    0   0  0   0   0  0   0   0  0   0   0    0  0   0   0  0   0   0  0   14 23   13 22   11 23   14 28   11 25
1000      0 W  0       0 W  0       0 W  0       0 W  0       0 W  0       0 W  0
      0    0   0  0   0   0  0   0   0  0   0   0    0  0   0   0  0   0   0  0   14 23   13 22   11 23   14 28   11 25
1000   1000 W  0       0 W  0       0 W  0       0 W  0       0 W  0       0 W  0
      0    0   0  0   0   0  0   0   0  0   0   0    0  0   0   0  0   0   0  0   14 23   13 22   11 23   14 28   11 25
1000   1000 W  0    1000 W  0       0 W  0       0 W  0       0 W  0       0 W  0
      0    0   0  0   0   0  0   0   0  0   0   0    0  0   0   0  0   0   0  0   14 23   13 22   11 23   14 28   11 25
1000   1000 W  0    1000 W  0    1000 W  0       0 W  0       0 W  0       0 W  0
      0    0   0  0   0   0  0   0   0  0   0   0    0  0   0   0  0   0   0  0   14 23   13 22   11 23   14 28   11 25
1000   1000 W  0    1000 W  0    1000 W  0    1000 W  0       0 W  0       0 W  0
      0    0   0  0   0   0  0   0   0  0   0   0    0  0   0   0  0   0   0  0   14 23   13 22   11 23   14 28   11 25
1000   1000 W  0    1000 W  0    1000 W  0    1000 W  0    1000 W  0       0 W  0
      0    0   0  0   0   0  0   0   0  0   0   0    0  0   0   0  0   0   0  0   14 23   13 22   11 23   14 28   11 25
1000   1000 W  0    1000 W  0    1000 W  0    1000 W  0    1000 W  0    1000 W  0
      0    0   0  0   0   0  0   0   0  0   0   0    0  0   0   0  0   0   0  0   14 23   13 22   11 23   14 28   11 25
2000   1000 W  3    1000 W  0    1000 W  0    1000 W  0    1000 W  0    1000 W  0
      0    0   0  0   0   0  0   0   0  0   0   0    0  0   0   0  0   0   0  0   14 23   13 22   11 23   14 28   11 25
2000   1000 W  3    1000 W  0    1000 W  0    1000 W  0    1000 W  0    1000 W  0
      0    0   0  0   0   0  0   0   0  0   0   0    0  0   0   0  0   0   0  0   14 23   13 22   11 23   14 28   11 25
2000   1000 W  3    1000 W  0    1000 W  0    1000 W  0    1000 W  0    1000 W  2
      0    0   0  0   0   0  0   0   0  0   0   0    0  0   0   0  0   0   0  0   14 23   13 22   11 23   14 28   11 25
2000   1000 W  3    1000 W  0    1000 W  0    1000 W  0    1000 W  2    1000 W  2
      0    0   0  0   0   0  0   0   0  0   0   0    0  0   0   0  0   0   0  0   14 23   13 22   11 23   14 28   11 25
2000   1000 W  3    1000 W  0    1000 W  0    1000 W  4    1000 W  2    1000 W  2
      0    0   0  0   0   0  0   0   0  0   0   0    0  0   0   0  0   0   0  0   14 23   13 22   11 23   14 28   11 25
2000   1000 W  3    1000 W  0    1000 W  3    1000 W  4    1000 W  2    1000 W  2
      0    0   0  0   0   0  0   0   0  0   0   0    0  0   0   0  0   0   0  0   14 23   13 22   11 23   14 28   11 25
2000   1000 W  3    1000 W  3    1000 W  3    1000 W  4    1000 W  2    1000 W  2
      0    0   0  0   0   0  0   0   0  0   0   0    0  0   0   0  0   0   0  0   14 23   13 22   11 23   14 28   11 25
3000   1000 W  3    1000 W  3    1000 W  3    1000 W  4    1000 W  2    1000 W  2
      0    0   0  0   0   0  0   0   0  0   0   0    0  0   0   0  0   0   0  0   14 23   13 22   11 23   14 28   11 25
3000   1000 W  3    1000 W  3    1000 W  3    1000 W  4    1000 W  2    1000 W  2
      1    0   0  0   0   0  0   0   0  0   0   0    0  0   0   0  0   0   0  0   14 23   13 22   11 23   14 28   11 25
3000   1000 W  3    1000 W  3    1000 W  3    1000 W  4    1000 W  2    1000 W  2
      1    1   0  0   0   0  0   0   0  0   0   0    0  0   0   0  0   0   0  0   14 23   13 22   11 23   14 28   11 25
3000   1000 W  3    1000 W  3    1000 W  3    1000 W  4    1000 W  2    1000 W  2
      1    1   0  0   6   0  0   0   0  0   0   0    0  0   0   0  0   0   0  0   14 23   13 22   11 23   14 28   11 25
3000   1000 W  3    1000 W  3    1000 W  3    1000 W  4    1000 W  2    1000 W  2
      1    1   0  0   6   0  0   5   0  0   0   0    0  0   0   0  0   0   0  0   14 23   13 22   11 23   14 28   11 25
2000   1000 W  3    1000 W  3    1000 W  3    1000 W  4    1000 W  2    1000 W  2
      1    1   0  0   6   0  0   5   0  0   0   0    0  0   0   0  0   0   0  0   14 23   13 22   11 23   14 28   11 25
3000   1000 W  3    1000 W  3    1000 W  3    1000 W  4    1000 W  2    1000 W  2
      1    1   0  0   6   0  0   5   0  0   0   0    0  0   0   0  0   0   0  0   14 23   13 22   11 23   14 28   11 25
3000   1000 W  3    1000 W  3    1000 W  3    1000 W  4    1000 W  2    3000 P  2
      1    1   0  0   6   0  0   5   0  0   1   0    0  0   0   0  0   0   0  0   14 23   13 22   11 23   14 28   11 25
3000   1000 W  3    1000 W  3    1000 W  3    1000 W  4    1000 W  2    3000 P  2
      1    1   0  0   6   0  0   5   0  0   1   4    0  0   0   0  0   0   0  0   14 23   13 22   11 23   14 28   11 25
3000   1000 W  3    1000 W  3    1000 W  3    1000 W  4    1000 W  2    3000 P  2
      1    1   0  0   6   0  0   5   0  0   1   4    0  0   0   0  0   0   0  0   14 23   13 22   11 23   14 28   11 25
3000   1000 W  3    1000 W  3    1000 W  3    1000 W  4    1000 W  2    3000 P  2
      1    1   0  0   6   0  0   5   0  0   1   4    0  0   3   0  0   0   0  0   14 23   13 22   11 23   14 28   11 25
3000   1000 W  3    1000 W  3    1000 W  3    1000 W  4    1000 W  2    3000 P  2
      1    1   0  0   6   0  0   5   0  0   1   4    0  0   3   0  0   2   0  0   14 23   13 22   11 23   14 28   11 25
2000   1000 W  3    1000 W  3    1000 W  3    1000 W  4    1000 W  2    3000 P  2
      1    1   0  0   6   0  0   5   0  0   1   4    0  0   3   0  0   2   0  0   14 23   13 22   11 23   14 28   11 25
2000   1000 W  3    1000 W  3    1000 W  3    1000 W  4    1000 W  2    3000 P  2
      1    1   0  0   6   3  0   5   0  0   1   4    0  0   3   0  0   2   0  0   13 23   13 22   11 23   14 28   11 25
4000   3000 P  3    1000 W  3    1000 W  3    1000 W  4    1000 W  2    3000 P  2
      1    1   0  0   6   3  1   5   0  0   1   4    0  0   3   0  0   2   0  0   13 23   13 22   11 23   14 28   11 25
4000   3000 P  3    1000 W  3    1000 W  3    1000 W  4    1000 W  2    3000 P  2
      1    1   0  0   6   3  1   5   0  0   1   4    0  0   3   0  0   2   0  0   13 23   13 22   11 23   14 28   11 25
4000   3000 P  3    1000 W  3    1000 W  3    1000 W  4    3000 P  2    3000 P  2
      1    1   0  0   6   3  1   5   0  0   1   4    0  0   3   0  0   2   0  0   13 23   13 22   11 23   14 28   11 25
4000   3000 P  3    1000 W  3    1000 W  3    3000 P  4    3000 P  2    3000 P  2
      1    1   0  0   6   3  1   5   0  0   1   4    0  0   3   0  0   2   0  0   13 23   13 22   11 23   14 28   11 25
4000   3000 P  3    1000 W  3    3000 P  3    3000 P  4    3000 P  2    3000 P  2
      1    1   0  0   6   3  1   5   0  0  